
> @promptrepo/admin@0.0.1 build /Users/arieperini/dev/promptrepo/apps/admin
> next build

  ▲ Next.js 14.2.32

   Creating an optimized production build ...
 ✓ Compiled successfully
   Linting and checking validity of types ...
   Collecting page data ...
TypeError: (0 , n.B1) is not a function
    at 77278 (/Users/arieperini/dev/promptrepo/apps/admin/.next/server/chunks/518.js:1:11893)
    at t (/Users/arieperini/dev/promptrepo/apps/admin/.next/server/webpack-runtime.js:1:142)
    at 57047 (/Users/arieperini/dev/promptrepo/apps/admin/.next/server/chunks/518.js:1:10728)
    at t (/Users/arieperini/dev/promptrepo/apps/admin/.next/server/webpack-runtime.js:1:142)
    at 73069 (/Users/arieperini/dev/promptrepo/apps/admin/.next/server/app/_not-found/page.js:1:593)
    at t (/Users/arieperini/dev/promptrepo/apps/admin/.next/server/webpack-runtime.js:1:142)
    at n (/Users/arieperini/dev/promptrepo/apps/admin/.next/server/app/_not-found/page.js:1:2638)
    at /Users/arieperini/dev/promptrepo/apps/admin/.next/server/app/_not-found/page.js:1:2669
    at t.X (/Users/arieperini/dev/promptrepo/apps/admin/.next/server/webpack-runtime.js:1:1260)
    at /Users/arieperini/dev/promptrepo/apps/admin/.next/server/app/_not-found/page.js:1:2651

> Build error occurred
Error: Failed to collect page data for /_not-found
    at /Users/arieperini/dev/promptrepo/node_modules/.pnpm/next@14.2.32_@babel+core@7.28.3_react-dom@18.3.1_react@18.3.1/node_modules/next/dist/build/utils.js:1269:15
    at process.processTicksAndRejections (node:internal/process/task_queues:105:5) {
  type: 'Error'
}
 ELIFECYCLE  Command failed with exit code 1.
