
> @promptrepo/api@0.0.1 lint /Users/arieperini/dev/promptrepo/apps/api
> eslint "src/**/*.{js,jsx,ts,tsx}"

=============

WARNING: You are currently running a version of TypeScript which is not officially supported by @typescript-eslint/typescript-estree.

You may find that it works just fine, or you may not.

SUPPORTED TYPESCRIPT VERSIONS: >=4.3.5 <5.4.0

YOUR TYPESCRIPT VERSION: 5.9.2

Please only submit bug reports when using the officially supported version.

=============
[0m[0m
[0m[4m/Users/arieperini/dev/promptrepo/apps/api/src/utils/sqlRunner.ts[24m[0m
[0m   [2m22:5[22m   [33mwarning[39m  Unexpected console statement                                                         [2mno-console[22m[0m
[0m   [2m49:3[22m   [33mwarning[39m  Unexpected console statement                                                         [2mno-console[22m[0m
[0m   [2m50:3[22m   [33mwarning[39m  Unexpected console statement                                                         [2mno-console[22m[0m
[0m   [2m52:3[22m   [33mwarning[39m  Unexpected console statement                                                         [2mno-console[22m[0m
[0m   [2m55:5[22m   [33mwarning[39m  Unexpected console statement                                                         [2mno-console[22m[0m
[0m   [2m58:3[22m   [33mwarning[39m  Unexpected console statement                                                         [2mno-console[22m[0m
[0m   [2m60:3[22m   [33mwarning[39m  Unexpected console statement                                                         [2mno-console[22m[0m
[0m   [2m61:3[22m   [33mwarning[39m  Unexpected console statement                                                         [2mno-console[22m[0m
[0m   [2m62:3[22m   [33mwarning[39m  Unexpected console statement                                                         [2mno-console[22m[0m
[0m   [2m63:3[22m   [33mwarning[39m  Unexpected console statement                                                         [2mno-console[22m[0m
[0m   [2m64:3[22m   [33mwarning[39m  Unexpected console statement                                                         [2mno-console[22m[0m
[0m   [2m65:3[22m   [33mwarning[39m  Unexpected console statement                                                         [2mno-console[22m[0m
[0m   [2m66:3[22m   [33mwarning[39m  Unexpected console statement                                                         [2mno-console[22m[0m
[0m   [2m69:5[22m   [33mwarning[39m  Unexpected console statement                                                         [2mno-console[22m[0m
[0m   [2m71:3[22m   [33mwarning[39m  Unexpected console statement                                                         [2mno-console[22m[0m
[0m   [2m72:3[22m   [33mwarning[39m  Unexpected console statement                                                         [2mno-console[22m[0m
[0m   [2m74:3[22m   [33mwarning[39m  Unexpected console statement                                                         [2mno-console[22m[0m
[0m   [2m75:3[22m   [33mwarning[39m  Unexpected console statement                                                         [2mno-console[22m[0m
[0m   [2m76:3[22m   [33mwarning[39m  Unexpected console statement                                                         [2mno-console[22m[0m
[0m   [2m77:3[22m   [33mwarning[39m  Unexpected console statement                                                         [2mno-console[22m[0m
[0m   [2m78:3[22m   [33mwarning[39m  Unexpected console statement                                                         [2mno-console[22m[0m
[0m   [2m79:3[22m   [33mwarning[39m  Unexpected console statement                                                         [2mno-console[22m[0m
[0m   [2m80:27[22m  [31merror[39m    'index' is defined but never used. Allowed unused args must match /^_/u              [2m@typescript-eslint/no-unused-vars[22m[0m
[0m   [2m81:11[22m  [31merror[39m    'fileName' is assigned a value but never used. Allowed unused vars must match /^_/u  [2m@typescript-eslint/no-unused-vars[22m[0m
[0m   [2m82:5[22m   [33mwarning[39m  Unexpected console statement                                                         [2mno-console[22m[0m
[0m   [2m84:3[22m   [33mwarning[39m  Unexpected console statement                                                         [2mno-console[22m[0m
[0m   [2m86:3[22m   [33mwarning[39m  Unexpected console statement                                                         [2mno-console[22m[0m
[0m   [2m87:3[22m   [33mwarning[39m  Unexpected console statement                                                         [2mno-console[22m[0m
[0m   [2m88:3[22m   [33mwarning[39m  Unexpected console statement                                                         [2mno-console[22m[0m
[0m   [2m89:3[22m   [33mwarning[39m  Unexpected console statement                                                         [2mno-console[22m[0m
[0m   [2m90:3[22m   [33mwarning[39m  Unexpected console statement                                                         [2mno-console[22m[0m
[0m   [2m91:27[22m  [31merror[39m    'index' is defined but never used. Allowed unused args must match /^_/u              [2m@typescript-eslint/no-unused-vars[22m[0m
[0m   [2m92:11[22m  [31merror[39m    'fileName' is assigned a value but never used. Allowed unused vars must match /^_/u  [2m@typescript-eslint/no-unused-vars[22m[0m
[0m   [2m93:5[22m   [33mwarning[39m  Unexpected console statement                                                         [2mno-console[22m[0m
[0m   [2m95:3[22m   [33mwarning[39m  Unexpected console statement                                                         [2mno-console[22m[0m
[0m   [2m97:3[22m   [33mwarning[39m  Unexpected console statement                                                         [2mno-console[22m[0m
[0m   [2m98:3[22m   [33mwarning[39m  Unexpected console statement                                                         [2mno-console[22m[0m
[0m   [2m99:3[22m   [33mwarning[39m  Unexpected console statement                                                         [2mno-console[22m[0m
[0m  [2m100:3[22m   [33mwarning[39m  Unexpected console statement                                                         [2mno-console[22m[0m
[0m  [2m101:3[22m   [33mwarning[39m  Unexpected console statement                                                         [2mno-console[22m[0m
[0m  [2m102:3[22m   [33mwarning[39m  Unexpected console statement                                                         [2mno-console[22m[0m
[0m  [2m104:3[22m   [33mwarning[39m  Unexpected console statement                                                         [2mno-console[22m[0m
[0m  [2m105:3[22m   [33mwarning[39m  Unexpected console statement                                                         [2mno-console[22m[0m
[0m  [2m106:3[22m   [33mwarning[39m  Unexpected console statement                                                         [2mno-console[22m[0m
[0m  [2m107:3[22m   [33mwarning[39m  Unexpected console statement                                                         [2mno-console[22m[0m
[0m  [2m108:3[22m   [33mwarning[39m  Unexpected console statement                                                         [2mno-console[22m[0m
[0m  [2m109:3[22m   [33mwarning[39m  Unexpected console statement                                                         [2mno-console[22m[0m
[0m  [2m118:3[22m   [33mwarning[39m  Unexpected console statement                                                         [2mno-console[22m[0m
[0m  [2m119:3[22m   [33mwarning[39m  Unexpected console statement                                                         [2mno-console[22m[0m
[0m  [2m133:5[22m   [33mwarning[39m  Unexpected console statement                                                         [2mno-console[22m[0m
[0m  [2m134:27[22m  [33mwarning[39m  Unexpected console statement                                                         [2mno-console[22m[0m
[0m  [2m135:28[22m  [33mwarning[39m  Unexpected console statement                                                         [2mno-console[22m[0m
[0m  [2m136:29[22m  [33mwarning[39m  Unexpected console statement                                                         [2mno-console[22m[0m
[0m  [2m137:30[22m  [33mwarning[39m  Unexpected console statement                                                         [2mno-console[22m[0m
[0m  [2m138:29[22m  [33mwarning[39m  Unexpected console statement                                                         [2mno-console[22m[0m
[0m  [2m139:26[22m  [33mwarning[39m  Unexpected console statement                                                         [2mno-console[22m[0m
[0m  [2m140:5[22m   [33mwarning[39m  Unexpected console statement                                                         [2mno-console[22m[0m
[0m  [2m151:5[22m   [33mwarning[39m  Unexpected console statement                                                         [2mno-console[22m[0m
[0m  [2m157:3[22m   [33mwarning[39m  Unexpected console statement                                                         [2mno-console[22m[0m
[0m  [2m164:9[22m   [33mwarning[39m  Unexpected console statement                                                         [2mno-console[22m[0m
[0m  [2m167:9[22m   [33mwarning[39m  Unexpected console statement                                                         [2mno-console[22m[0m
[0m  [2m170:7[22m   [33mwarning[39m  Unexpected console statement                                                         [2mno-console[22m[0m
[0m  [2m175:3[22m   [33mwarning[39m  Unexpected console statement                                                         [2mno-console[22m[0m
[0m  [2m183:3[22m   [33mwarning[39m  Unexpected console statement                                                         [2mno-console[22m[0m
[0m  [2m187:5[22m   [31merror[39m    Don't use process.exit(); throw an error instead                                     [2mno-process-exit[22m[0m
[0m  [2m196:3[22m   [33mwarning[39m  Unexpected console statement                                                         [2mno-console[22m[0m
[0m  [2m197:3[22m   [33mwarning[39m  Unexpected console statement                                                         [2mno-console[22m[0m
[0m[0m
[0m[31m[1m✖ 67 problems (5 errors, 62 warnings)[22m[39m[0m
[0m[31m[1m[22m[39m[0m
[41m[30m ELIFECYCLE [39m[49m [31mCommand failed with exit code 1.[39m
